<?xml version="1.0" encoding="UTF-8"?>
<!-- Generated by org.testng.reporters.JUnitReportReporter -->
<testsuite hostname="dnyanesh" failures="0" tests="1" name="com.redifmail.test.SinInPageTest" time="56.317" errors="0" timestamp="2022-10-02T02:04:55 IST" skipped="0">
  <testcase classname="com.redifmail.test.SinInPageTest" name="checklogInpage" time="56.317"/>
  <system-out/>
</testsuite> <!-- com.redifmail.test.SinInPageTest -->
